Arguments: 
  /usr/bin/node /usr/bin/yarn

PATH: 
  /home/kent/.npm-packages/bin:/home/kent/bin:/home/kent/.npm-packages/bin:/home/kent/bin:/usr/local/sbin:/usr/local/bin:/usr/sbin:/usr/bin:/sbin:/bin:/usr/games:/usr/local/games:/snap/bin

Yarn version: 
  1.3.2

Node version: 
  8.9.4

Platform: 
  linux x64

npm manifest: 
  {
    "name": "mobx",
    "version": "1.0.0",
    "main": "index.js",
    "license": "MIT",
    "scripts": {
      "dev": "parcel ./src/index.html",
      "lint": "eslint --fix --ext=js,jsx"
    },
    "dependencies": {
      "mobx": "^3.5.1",
      "mobx-react": "^4.4.2",
      "react": "^16.2.0",
      "react-dom": "^16.2.0"
    },
    "devDependencies": {
      "babel-plugin-transform-decorators-legacy": "^1.3.4",
      "babel-preset-env": "^1.6.1",
      "babel-preset-es2015": "^6.24.1",
      "babel-preset-react": "^6.24.1",
      "babel-preset-stage-0": "^6.24.1",
      "eslint": "^4.18.0",
      "eslint-config-standard": "^11.0.0",
      "eslint-config-standard-react": "^5.0.0",
      "eslint-plugin-import": "^2.8.0",
      "eslint-plugin-jest": "^21.12.2",
      "eslint-plugin-node": "^6.0.0",
      "eslint-plugin-promise": "^3.6.0",
      "eslint-plugin-react": "^7.6.1",
      "eslint-plugin-standard": "^3.0.1",
      "parcel-bundler": "1.5.1"
    },
    "babel": {
      "presets": [
        "es2015",
        "stage-0",
        "react"
      ],
      "plugins": [
        "transform-decorators-legacy"
      ]
    },
    "eslintConfig": {
      "parser": "babel-eslint",
      "env": {
        "browser": true,
        "node": true,
        "mocha": true
      },
      "extends": [
        "standard",
        "standard-react"
      ]
    },
    "eslintIgnore": [ "**/dist/*", ".cache/" ],
  }

yarn manifest: 
  No manifest

Lockfile: 
  No lockfile

Trace: 
  SyntaxError: /home/kent/workspace/sandbox/mobx/package.json: Unexpected token } in JSON at position 1308
      at JSON.parse (<anonymous>)
      at /usr/lib/node_modules/yarn/lib/cli.js:770:59
      at Generator.next (<anonymous>)
      at step (/usr/lib/node_modules/yarn/lib/cli.js:92:30)
      at /usr/lib/node_modules/yarn/lib/cli.js:103:13
      at <anonymous>
